0 info it worked if it ends with ok
1 verbose cli [ 'C:\\Program Files\\nodejs\\node.exe',
1 verbose cli   'C:\\Program Files\\nodejs\\node_modules\\npm\\bin\\npm-cli.js',
1 verbose cli   'run',
1 verbose cli   'lint' ]
2 info using npm@3.10.10
3 info using node@v6.11.1
4 verbose run-script [ 'prelint', 'lint', 'postlint' ]
5 info lifecycle HELLO-BOOKS@1.0.0~prelint: HELLO-BOOKS@1.0.0
6 silly lifecycle HELLO-BOOKS@1.0.0~prelint: no script for prelint, continuing
7 info lifecycle HELLO-BOOKS@1.0.0~lint: HELLO-BOOKS@1.0.0
8 verbose lifecycle HELLO-BOOKS@1.0.0~lint: unsafe-perm in lifecycle true
9 verbose lifecycle HELLO-BOOKS@1.0.0~lint: PATH: C:\Program Files\nodejs\node_modules\npm\bin\node-gyp-bin;C:\Users\San\Desktop\hellobooks-development\node_modules\.bin;C:\Windows\system32;C:\Windows;C:\Windows\System32\Wbem;C:\Windows\System32\WindowsPowerShell\v1.0\;C:\Program Files\nodejs\;C:\Program Files\Git\cmd;C:\Program Files\PostgreSQL\9.6\bin;C:\Program Files\PostgreSQL\9.6\lib;C:\Program Files\ATI Technologies\ATI.ACE\Core-Static;C:\Users\San\AppData\Local\Programs\Python\Python35-32\Scripts\;C:\Users\San\AppData\Local\Programs\Python\Python35-32\;C:\Program Files\Microsoft VS Code\bin;C:\Users\San\AppData\Roaming\npm;C:\Program Files\PostgreSQL\9.6\bin;C:\Program Files\PostgreSQL\9.6\lib;C:\Program Files\nodejs;C:\Program Files\MongoDB\Server\3.2\bin;
10 verbose lifecycle HELLO-BOOKS@1.0.0~lint: CWD: C:\Users\San\Desktop\hellobooks-development
11 silly lifecycle HELLO-BOOKS@1.0.0~lint: Args: [ '/d /s /c', 'eslint ./server' ]
12 silly lifecycle HELLO-BOOKS@1.0.0~lint: Returned: code: 1  signal: null
13 info lifecycle HELLO-BOOKS@1.0.0~lint: Failed to exec lint script
14 verbose stack Error: HELLO-BOOKS@1.0.0 lint: `eslint ./server`
14 verbose stack Exit status 1
14 verbose stack     at EventEmitter.<anonymous> (C:\Program Files\nodejs\node_modules\npm\lib\utils\lifecycle.js:255:16)
14 verbose stack     at emitTwo (events.js:106:13)
14 verbose stack     at EventEmitter.emit (events.js:191:7)
14 verbose stack     at ChildProcess.<anonymous> (C:\Program Files\nodejs\node_modules\npm\lib\utils\spawn.js:40:14)
14 verbose stack     at emitTwo (events.js:106:13)
14 verbose stack     at ChildProcess.emit (events.js:191:7)
14 verbose stack     at maybeClose (internal/child_process.js:891:16)
14 verbose stack     at Process.ChildProcess._handle.onexit (internal/child_process.js:226:5)
15 verbose pkgid HELLO-BOOKS@1.0.0
16 verbose cwd C:\Users\San\Desktop\hellobooks-development
17 error Windows_NT 6.1.7601
18 error argv "C:\\Program Files\\nodejs\\node.exe" "C:\\Program Files\\nodejs\\node_modules\\npm\\bin\\npm-cli.js" "run" "lint"
19 error node v6.11.1
20 error npm  v3.10.10
21 error code ELIFECYCLE
22 error HELLO-BOOKS@1.0.0 lint: `eslint ./server`
22 error Exit status 1
23 error Failed at the HELLO-BOOKS@1.0.0 lint script 'eslint ./server'.
23 error Make sure you have the latest version of node.js and npm installed.
23 error If you do, this is most likely a problem with the HELLO-BOOKS package,
23 error not with npm itself.
23 error Tell the author that this fails on your system:
23 error     eslint ./server
23 error You can get information on how to open an issue for this project with:
23 error     npm bugs HELLO-BOOKS
23 error Or if that isn't available, you can get their info via:
23 error     npm owner ls HELLO-BOOKS
23 error There is likely additional logging output above.
24 verbose exit [ 1, true ]
